<?xml version="1.0" encoding="UTF-8"?>
<testsuite xmlns:xsi="http://www.w3.org/2001/XMLSchema-instance" xsi:noNamespaceSchemaLocation="https://maven.apache.org/surefire/maven-surefire-plugin/xsd/surefire-test-report-3.0.xsd" version="3.0" name="tests.GraphServiceTest" time="0.054" tests="8" errors="0" skipped="0" failures="0">
  <properties>
[...]
</properties>
  <testcase name="testClearGraph" classname="tests.GraphServiceTest" time="0.025"/>
  <testcase name="testAddNodeAndEdge" classname="tests.GraphServiceTest" time="0.001"/>
  <testcase name="testShortestPath" classname="tests.GraphServiceTest" time="0.002"/>
  <testcase name="testReachabilityPositive" classname="tests.GraphServiceTest" time="0.001"/>
  <testcase name="testReachabilityNegative" classname="tests.GraphServiceTest" time="0.001"/>
  <testcase name="testFastestPath" classname="tests.GraphServiceTest" time="0.001"/>
  <testcase name="testEarliestArrivalPath" classname="tests.GraphServiceTest" time="0.001"/>
  <testcase name="testLatestDeparturePath" classname="tests.GraphServiceTest" time="0.001"/>
</testsuite>